<?xml version="1.0" encoding="UTF-8"?>
<!-- Generated by org.testng.reporters.JUnitReportReporter -->
<testsuite hostname="AAnsari" failures="0" tests="1" name="pathCheck.CheckThePath" time="11.193" errors="0" timestamp="2022-11-24T16:52:30 COT" skipped="0">
  <testcase classname="pathCheck.CheckThePath" name="verifyHomepageTitle" time="11.193"/>
  <system-out/>
</testsuite> <!-- pathCheck.CheckThePath -->
