<?xml version="1.0" encoding="UTF-8"?>
<!-- Generated by org.testng.reporters.JUnitReportReporter -->
<testsuite hostname="AAnsari" failures="0" tests="1" name="pathCheck.CheckThePath" time="8.933" errors="0" timestamp="2022-11-24T16:00:36 COT" skipped="0">
  <testcase classname="pathCheck.CheckThePath" name="verifyHomepageTitle" time="8.933"/>
  <system-out/>
</testsuite> <!-- pathCheck.CheckThePath -->
