<?xml version="1.0" encoding="UTF-8"?>
<!-- Generated by org.testng.reporters.JUnitReportReporter -->
<testsuite hostname="AAnsari" failures="0" tests="1" name="pathCheck.CheckThePath" time="7.218" errors="0" timestamp="2022-11-24T18:12:07 COT" skipped="0">
  <testcase classname="pathCheck.CheckThePath" name="verifyHomepageTitle" time="7.218"/>
  <system-out/>
</testsuite> <!-- pathCheck.CheckThePath -->
